{
  "stats": {
    "suites": 1,
    "tests": 2,
    "passes": 0,
    "pending": 0,
    "failures": 2,
    "start": "2021-06-21T19:46:09.971Z",
    "end": "2021-06-21T19:46:37.914Z",
    "duration": 27943,
    "testsRegistered": 2,
    "passPercent": 0,
    "pendingPercent": 0,
    "other": 0,
    "hasOther": false,
    "skipped": 0,
    "hasSkipped": false
  },
  "results": [
    {
      "uuid": "38d92a10-0fe7-4e5d-9e7d-61d7878374c8",
      "title": "",
      "fullFile": "cypress/integration/developerMode.spec.js",
      "file": "cypress/integration/developerMode.spec.js",
      "beforeHooks": [],
      "afterHooks": [],
      "tests": [],
      "suites": [
        {
          "uuid": "08cbcf20-acfa-431e-bdc0-2048317914b8",
          "title": "3 - Verifica os multi-ambientes e modo de desenvolvimento",
          "fullFile": "",
          "file": "",
          "beforeHooks": [],
          "afterHooks": [],
          "tests": [
            {
              "title": "Será validado que a tag de desenvolvimento foi encontrada no frontend de desenvolvimento",
              "fullTitle": "3 - Verifica os multi-ambientes e modo de desenvolvimento Será validado que a tag de desenvolvimento foi encontrada no frontend de desenvolvimento",
              "timedOut": null,
              "duration": 12082,
              "state": "failed",
              "speed": null,
              "pass": false,
              "fail": true,
              "pending": false,
              "context": null,
              "code": "cy.visit(FRONT_URL);\ncy.contains(\"Em desenvolvimento\").should(\"exist\");",
              "err": {
                "message": "AssertionError: Timed out retrying: Expected to find content: 'Em desenvolvimento' but never did.",
                "estack": "AssertionError: Timed out retrying: Expected to find content: 'Em desenvolvimento' but never did.\n    at Context.eval (https://danieldsrd-ft.herokuapp.com/__cypress/tests?p=cypress/integration/developerMode.spec.js:104:39)",
                "diff": null
              },
              "uuid": "9f9f1557-f142-414e-b691-c83a89f3b5a2",
              "parentUUID": "08cbcf20-acfa-431e-bdc0-2048317914b8",
              "isHook": false,
              "skipped": false
            },
            {
              "title": "Será validado que a tag de desenvolvimento não existe no frontend de produção",
              "fullTitle": "3 - Verifica os multi-ambientes e modo de desenvolvimento Será validado que a tag de desenvolvimento não existe no frontend de produção",
              "timedOut": null,
              "duration": 12845,
              "state": "failed",
              "speed": null,
              "pass": false,
              "fail": true,
              "pending": false,
              "context": null,
              "code": "cy.visit(FRONT_URL_PROD);\ncy.contains(\"Em desenvolvimento\").should(\"not.exist\");",
              "err": {
                "message": "AssertionError: Timed out retrying: Expected not to find content: 'Em desenvolvimento' but continuously found it.",
                "estack": "AssertionError: Timed out retrying: Expected not to find content: 'Em desenvolvimento' but continuously found it.\n    at Context.eval (https://danieldsrd-pd.herokuapp.com/__cypress/tests?p=cypress/integration/developerMode.spec.js:108:39)",
                "diff": null
              },
              "uuid": "dd4193b5-c8d3-4519-9617-f94e4e298dc8",
              "parentUUID": "08cbcf20-acfa-431e-bdc0-2048317914b8",
              "isHook": false,
              "skipped": false
            }
          ],
          "suites": [],
          "passes": [],
          "failures": [
            "9f9f1557-f142-414e-b691-c83a89f3b5a2",
            "dd4193b5-c8d3-4519-9617-f94e4e298dc8"
          ],
          "pending": [],
          "skipped": [],
          "duration": 24927,
          "root": false,
          "rootEmpty": false,
          "_timeout": 2000
        }
      ],
      "passes": [],
      "failures": [],
      "pending": [],
      "skipped": [],
      "duration": 0,
      "root": true,
      "rootEmpty": true,
      "_timeout": 2000
    }
  ],
  "meta": {
    "mocha": {
      "version": "7.0.1"
    },
    "mochawesome": {
      "options": {
        "quiet": false,
        "reportFilename": "mochawesome",
        "saveHtml": false,
        "saveJson": true,
        "consoleReporter": "spec",
        "useInlineDiffs": false
      },
      "version": "4.1.0"
    },
    "marge": {
      "options": {
        "id": "default",
        "reportDir": "cypress/reports",
        "overwrite": false,
        "html": false,
        "json": true
      },
      "version": "4.1.0"
    }
  }
}