{
  "stats": {
    "suites": 1,
    "tests": 2,
    "passes": 0,
    "pending": 0,
    "failures": 2,
    "start": "2021-06-20T19:52:13.188Z",
    "end": "2021-06-20T19:52:15.935Z",
    "duration": 2747,
    "testsRegistered": 2,
    "passPercent": 0,
    "pendingPercent": 0,
    "other": 0,
    "hasOther": false,
    "skipped": 0,
    "hasSkipped": false
  },
  "results": [
    {
      "uuid": "13332a3a-69cd-4902-92b4-4460a1850bcb",
      "title": "",
      "fullFile": "cypress/integration/developerMode.spec.js",
      "file": "cypress/integration/developerMode.spec.js",
      "beforeHooks": [],
      "afterHooks": [],
      "tests": [],
      "suites": [
        {
          "uuid": "d1acde6e-2464-46fc-a51d-ee08db564213",
          "title": "3 - Verifica os multi-ambientes e modo de desenvolvimento",
          "fullFile": "",
          "file": "",
          "beforeHooks": [],
          "afterHooks": [],
          "tests": [
            {
              "title": "Será validado que a tag de desenvolvimento foi encontrada no frontend de desenvolvimento",
              "fullTitle": "3 - Verifica os multi-ambientes e modo de desenvolvimento Será validado que a tag de desenvolvimento foi encontrada no frontend de desenvolvimento",
              "timedOut": null,
              "duration": 1001,
              "state": "failed",
              "speed": null,
              "pass": false,
              "fail": true,
              "pending": false,
              "context": null,
              "code": "cy.visit(FRONT_URL);\ncy.contains(\"Em desenvolvimento\").should(\"exist\");",
              "err": {
                "message": "CypressError: `cy.visit()` failed trying to load:\n\nhttps://ludilly-ft.herokuapp.com/.\n\nThe response we received from your web server was:\n\n  > 503: Service Unavailable\n\nThis was considered a failure because the status code was not `2xx`.\n\nIf you do not want status codes to cause failures pass the option: `failOnStatusCode: false`",
                "estack": "CypressError: `cy.visit()` failed trying to load:\n\nhttps://ludilly-ft.herokuapp.com/.\n\nThe response we received from your web server was:\n\n  > 503: Service Unavailable\n\nThis was considered a failure because the status code was not `2xx`.\n\nIf you do not want status codes to cause failures pass the option: `failOnStatusCode: false`\n    at http://localhost:41397/__cypress/runner/cypress_runner.js:158062:25\n    at visitFailedByErr (http://localhost:41397/__cypress/runner/cypress_runner.js:157432:12)\n    at http://localhost:41397/__cypress/runner/cypress_runner.js:158042:13\n    at tryCatcher (http://localhost:41397/__cypress/runner/cypress_runner.js:10325:23)\n    at Promise._settlePromiseFromHandler (http://localhost:41397/__cypress/runner/cypress_runner.js:8260:31)\n    at Promise._settlePromise (http://localhost:41397/__cypress/runner/cypress_runner.js:8317:18)\n    at Promise._settlePromise0 (http://localhost:41397/__cypress/runner/cypress_runner.js:8362:10)\n    at Promise._settlePromises (http://localhost:41397/__cypress/runner/cypress_runner.js:8438:18)\n    at _drainQueueStep (http://localhost:41397/__cypress/runner/cypress_runner.js:5032:12)\n    at _drainQueue (http://localhost:41397/__cypress/runner/cypress_runner.js:5025:9)\n    at Async.../../node_modules/bluebird/js/release/async.js.Async._drainQueues (http://localhost:41397/__cypress/runner/cypress_runner.js:5041:5)\n    at Async.drainQueues (http://localhost:41397/__cypress/runner/cypress_runner.js:4911:14)\nFrom Your Spec Code:\n    at Context.eval (http://localhost:41397/__cypress/tests?p=cypress/integration/developerMode.spec.js:103:8)",
                "diff": null
              },
              "uuid": "44153e35-1612-4167-a425-acf4a06a7ea6",
              "parentUUID": "d1acde6e-2464-46fc-a51d-ee08db564213",
              "isHook": false,
              "skipped": false
            },
            {
              "title": "Será validado que a tag de desenvolvimento não existe no frontend de produção",
              "fullTitle": "3 - Verifica os multi-ambientes e modo de desenvolvimento Será validado que a tag de desenvolvimento não existe no frontend de produção",
              "timedOut": null,
              "duration": 1524,
              "state": "failed",
              "speed": null,
              "pass": false,
              "fail": true,
              "pending": false,
              "context": null,
              "code": "cy.visit(FRONT_URL_PROD);\ncy.contains(\"Em desenvolvimento\").should(\"not.exist\");",
              "err": {
                "message": "CypressError: `cy.visit()` failed trying to load:\n\nhttps://ludilly-pd.herokuapp.com/.\n\nThe response we received from your web server was:\n\n  > 404: Not Found\n\nThis was considered a failure because the status code was not `2xx`.\n\nIf you do not want status codes to cause failures pass the option: `failOnStatusCode: false`",
                "estack": "CypressError: `cy.visit()` failed trying to load:\n\nhttps://ludilly-pd.herokuapp.com/.\n\nThe response we received from your web server was:\n\n  > 404: Not Found\n\nThis was considered a failure because the status code was not `2xx`.\n\nIf you do not want status codes to cause failures pass the option: `failOnStatusCode: false`\n    at http://localhost:41397/__cypress/runner/cypress_runner.js:158062:25\n    at visitFailedByErr (http://localhost:41397/__cypress/runner/cypress_runner.js:157432:12)\n    at http://localhost:41397/__cypress/runner/cypress_runner.js:158042:13\n    at tryCatcher (http://localhost:41397/__cypress/runner/cypress_runner.js:10325:23)\n    at Promise._settlePromiseFromHandler (http://localhost:41397/__cypress/runner/cypress_runner.js:8260:31)\n    at Promise._settlePromise (http://localhost:41397/__cypress/runner/cypress_runner.js:8317:18)\n    at Promise._settlePromise0 (http://localhost:41397/__cypress/runner/cypress_runner.js:8362:10)\n    at Promise._settlePromises (http://localhost:41397/__cypress/runner/cypress_runner.js:8438:18)\n    at _drainQueueStep (http://localhost:41397/__cypress/runner/cypress_runner.js:5032:12)\n    at _drainQueue (http://localhost:41397/__cypress/runner/cypress_runner.js:5025:9)\n    at Async.../../node_modules/bluebird/js/release/async.js.Async._drainQueues (http://localhost:41397/__cypress/runner/cypress_runner.js:5041:5)\n    at Async.drainQueues (http://localhost:41397/__cypress/runner/cypress_runner.js:4911:14)\nFrom Your Spec Code:\n    at Context.eval (http://localhost:41397/__cypress/tests?p=cypress/integration/developerMode.spec.js:107:8)",
                "diff": null
              },
              "uuid": "9289aeea-93b7-4b2b-8062-ceae21a79630",
              "parentUUID": "d1acde6e-2464-46fc-a51d-ee08db564213",
              "isHook": false,
              "skipped": false
            }
          ],
          "suites": [],
          "passes": [],
          "failures": [
            "44153e35-1612-4167-a425-acf4a06a7ea6",
            "9289aeea-93b7-4b2b-8062-ceae21a79630"
          ],
          "pending": [],
          "skipped": [],
          "duration": 2525,
          "root": false,
          "rootEmpty": false,
          "_timeout": 2000
        }
      ],
      "passes": [],
      "failures": [],
      "pending": [],
      "skipped": [],
      "duration": 0,
      "root": true,
      "rootEmpty": true,
      "_timeout": 2000
    }
  ],
  "meta": {
    "mocha": {
      "version": "7.0.1"
    },
    "mochawesome": {
      "options": {
        "quiet": false,
        "reportFilename": "mochawesome",
        "saveHtml": false,
        "saveJson": true,
        "consoleReporter": "spec",
        "useInlineDiffs": false
      },
      "version": "4.1.0"
    },
    "marge": {
      "options": {
        "id": "default",
        "reportDir": "cypress/reports",
        "overwrite": false,
        "html": false,
        "json": true
      },
      "version": "4.1.0"
    }
  }
}