{
  "stats": {
    "suites": 1,
    "tests": 2,
    "passes": 2,
    "pending": 0,
    "failures": 0,
    "start": "2021-06-27T21:03:54.701Z",
    "end": "2021-06-27T21:03:54.838Z",
    "duration": 137,
    "testsRegistered": 2,
    "passPercent": 100,
    "pendingPercent": 0,
    "other": 0,
    "hasOther": false,
    "skipped": 0,
    "hasSkipped": false
  },
  "results": [
    {
      "uuid": "496e6072-553b-4598-ae44-0e32e0712cf4",
      "title": "",
      "fullFile": "cypress/integration/VerifyEnv.spec.js",
      "file": "cypress/integration/VerifyEnv.spec.js",
      "beforeHooks": [],
      "afterHooks": [],
      "tests": [],
      "suites": [
        {
          "uuid": "ee82ed37-0849-41eb-9549-4cd3fef1a69c",
          "title": "2 - Verifica as variáveis de ambiente do frontend",
          "fullFile": "",
          "file": "",
          "beforeHooks": [],
          "afterHooks": [],
          "tests": [
            {
              "title": "Será validado se as variáveis do hawkins existem",
              "fullTitle": "2 - Verifica as variáveis de ambiente do frontend Será validado se as variáveis do hawkins existem",
              "timedOut": null,
              "duration": 71,
              "state": "passed",
              "speed": "medium",
              "pass": true,
              "fail": false,
              "pending": false,
              "context": null,
              "code": "expect(Cypress.env(REACT_APP_HAWKINS_URL)).to.exist;\nexpect(Cypress.env(REACT_APP_HAWKINS_TIMEOUT)).to.exist;",
              "err": {},
              "uuid": "fb84e5f8-6f85-43e7-afbf-c75dde80add8",
              "parentUUID": "ee82ed37-0849-41eb-9549-4cd3fef1a69c",
              "isHook": false,
              "skipped": false
            },
            {
              "title": "Será validado se as variáveis do upsidesown existem",
              "fullTitle": "2 - Verifica as variáveis de ambiente do frontend Será validado se as variáveis do upsidesown existem",
              "timedOut": null,
              "duration": 30,
              "state": "passed",
              "speed": "fast",
              "pass": true,
              "fail": false,
              "pending": false,
              "context": null,
              "code": "expect(Cypress.env(REACT_APP_UPSIDEDOWN_URL)).to.exist;\nexpect(Cypress.env(REACT_APP_UPSIDEDOWN_TIMEOUT)).to.exist;",
              "err": {},
              "uuid": "0e1e5199-8952-4a37-a3a5-aca93b4bf043",
              "parentUUID": "ee82ed37-0849-41eb-9549-4cd3fef1a69c",
              "isHook": false,
              "skipped": false
            }
          ],
          "suites": [],
          "passes": [
            "fb84e5f8-6f85-43e7-afbf-c75dde80add8",
            "0e1e5199-8952-4a37-a3a5-aca93b4bf043"
          ],
          "failures": [],
          "pending": [],
          "skipped": [],
          "duration": 101,
          "root": false,
          "rootEmpty": false,
          "_timeout": 2000
        }
      ],
      "passes": [],
      "failures": [],
      "pending": [],
      "skipped": [],
      "duration": 0,
      "root": true,
      "rootEmpty": true,
      "_timeout": 2000
    }
  ],
  "meta": {
    "mocha": {
      "version": "7.0.1"
    },
    "mochawesome": {
      "options": {
        "quiet": false,
        "reportFilename": "mochawesome",
        "saveHtml": false,
        "saveJson": true,
        "consoleReporter": "spec",
        "useInlineDiffs": false
      },
      "version": "4.1.0"
    },
    "marge": {
      "options": {
        "id": "default",
        "reportDir": "cypress/reports",
        "overwrite": false,
        "html": false,
        "json": true
      },
      "version": "4.1.0"
    }
  }
}