{
  "stats": {
    "suites": 1,
    "tests": 2,
    "passes": 1,
    "pending": 0,
    "failures": 1,
    "start": "2021-06-19T23:21:34.013Z",
    "end": "2021-06-19T23:21:57.684Z",
    "duration": 23671,
    "testsRegistered": 2,
    "passPercent": 50,
    "pendingPercent": 0,
    "other": 0,
    "hasOther": false,
    "skipped": 0,
    "hasSkipped": false
  },
  "results": [
    {
      "uuid": "3a84afac-c1d7-4baf-b3c7-9b25e6b4d8b6",
      "title": "",
      "fullFile": "cypress/integration/developerMode.spec.js",
      "file": "cypress/integration/developerMode.spec.js",
      "beforeHooks": [],
      "afterHooks": [],
      "tests": [],
      "suites": [
        {
          "uuid": "520d0f80-e4d2-49f1-955b-88517a16d931",
          "title": "3 - Verifica os multi-ambientes e modo de desenvolvimento",
          "fullFile": "",
          "file": "",
          "beforeHooks": [],
          "afterHooks": [],
          "tests": [
            {
              "title": "Será validado que a tag de desenvolvimento foi encontrada no frontend de desenvolvimento",
              "fullTitle": "3 - Verifica os multi-ambientes e modo de desenvolvimento Será validado que a tag de desenvolvimento foi encontrada no frontend de desenvolvimento",
              "timedOut": null,
              "duration": 14596,
              "state": "passed",
              "speed": "slow",
              "pass": true,
              "fail": false,
              "pending": false,
              "context": null,
              "code": "cy.visit(FRONT_URL);\ncy.contains(\"Em desenvolvimento\").should(\"exist\");",
              "err": {},
              "uuid": "97f61e95-1597-4067-b4d6-8eae3ee63123",
              "parentUUID": "520d0f80-e4d2-49f1-955b-88517a16d931",
              "isHook": false,
              "skipped": false
            },
            {
              "title": "Será validado que a tag de desenvolvimento não existe no frontend de produção",
              "fullTitle": "3 - Verifica os multi-ambientes e modo de desenvolvimento Será validado que a tag de desenvolvimento não existe no frontend de produção",
              "timedOut": null,
              "duration": 6503,
              "state": "failed",
              "speed": null,
              "pass": false,
              "fail": true,
              "pending": false,
              "context": null,
              "code": "cy.visit(FRONT_URL_PROD);\ncy.contains(\"Em desenvolvimento\").should(\"not.exist\");",
              "err": {
                "message": "CypressError: `cy.visit()` failed trying to load:\n\nhttps://victormiwa29-pd.herokuapp.com/.\n\nThe response we received from your web server was:\n\n  > 503: Service Unavailable\n\nThis was considered a failure because the status code was not `2xx`.\n\nIf you do not want status codes to cause failures pass the option: `failOnStatusCode: false`",
                "estack": "CypressError: `cy.visit()` failed trying to load:\n\nhttps://victormiwa29-pd.herokuapp.com/.\n\nThe response we received from your web server was:\n\n  > 503: Service Unavailable\n\nThis was considered a failure because the status code was not `2xx`.\n\nIf you do not want status codes to cause failures pass the option: `failOnStatusCode: false`\n    at https://victormiwa29-ft.herokuapp.com/__cypress/runner/cypress_runner.js:158062:25\n    at visitFailedByErr (https://victormiwa29-ft.herokuapp.com/__cypress/runner/cypress_runner.js:157432:12)\n    at https://victormiwa29-ft.herokuapp.com/__cypress/runner/cypress_runner.js:158042:13\n    at tryCatcher (https://victormiwa29-ft.herokuapp.com/__cypress/runner/cypress_runner.js:10325:23)\n    at Promise._settlePromiseFromHandler (https://victormiwa29-ft.herokuapp.com/__cypress/runner/cypress_runner.js:8260:31)\n    at Promise._settlePromise (https://victormiwa29-ft.herokuapp.com/__cypress/runner/cypress_runner.js:8317:18)\n    at Promise._settlePromise0 (https://victormiwa29-ft.herokuapp.com/__cypress/runner/cypress_runner.js:8362:10)\n    at Promise._settlePromises (https://victormiwa29-ft.herokuapp.com/__cypress/runner/cypress_runner.js:8438:18)\n    at _drainQueueStep (https://victormiwa29-ft.herokuapp.com/__cypress/runner/cypress_runner.js:5032:12)\n    at _drainQueue (https://victormiwa29-ft.herokuapp.com/__cypress/runner/cypress_runner.js:5025:9)\n    at Async.../../node_modules/bluebird/js/release/async.js.Async._drainQueues (https://victormiwa29-ft.herokuapp.com/__cypress/runner/cypress_runner.js:5041:5)\n    at Async.drainQueues (https://victormiwa29-ft.herokuapp.com/__cypress/runner/cypress_runner.js:4911:14)\nFrom Your Spec Code:\n    at Context.eval (https://victormiwa29-ft.herokuapp.com/__cypress/tests?p=cypress/integration/developerMode.spec.js:107:8)",
                "diff": null
              },
              "uuid": "9bca7e5e-e6d6-44c8-9b1c-be8f648d4433",
              "parentUUID": "520d0f80-e4d2-49f1-955b-88517a16d931",
              "isHook": false,
              "skipped": false
            }
          ],
          "suites": [],
          "passes": [
            "97f61e95-1597-4067-b4d6-8eae3ee63123"
          ],
          "failures": [
            "9bca7e5e-e6d6-44c8-9b1c-be8f648d4433"
          ],
          "pending": [],
          "skipped": [],
          "duration": 21099,
          "root": false,
          "rootEmpty": false,
          "_timeout": 2000
        }
      ],
      "passes": [],
      "failures": [],
      "pending": [],
      "skipped": [],
      "duration": 0,
      "root": true,
      "rootEmpty": true,
      "_timeout": 2000
    }
  ],
  "meta": {
    "mocha": {
      "version": "7.0.1"
    },
    "mochawesome": {
      "options": {
        "quiet": false,
        "reportFilename": "mochawesome",
        "saveHtml": false,
        "saveJson": true,
        "consoleReporter": "spec",
        "useInlineDiffs": false
      },
      "version": "4.1.0"
    },
    "marge": {
      "options": {
        "id": "default",
        "reportDir": "cypress/reports",
        "overwrite": false,
        "html": false,
        "json": true
      },
      "version": "4.1.0"
    }
  }
}