{
  "stats": {
    "suites": 1,
    "tests": 1,
    "passes": 0,
    "pending": 0,
    "failures": 1,
    "start": "2021-06-19T05:34:09.277Z",
    "end": "2021-06-19T05:34:09.960Z",
    "duration": 683,
    "testsRegistered": 4,
    "passPercent": 0,
    "pendingPercent": 0,
    "other": 0,
    "hasOther": false,
    "skipped": 3,
    "hasSkipped": true
  },
  "results": [
    {
      "uuid": "fe75f91d-446b-4192-964c-71e7939a410e",
      "title": "",
      "fullFile": "cypress/integration/herokuDeploy.spec.js",
      "file": "cypress/integration/herokuDeploy.spec.js",
      "beforeHooks": [],
      "afterHooks": [],
      "tests": [],
      "suites": [
        {
          "uuid": "52c621f4-e286-4554-91cc-871f3b3f4f7e",
          "title": "1 - Verifica se foi feito o deploy do frontend no Heroku",
          "fullFile": "",
          "file": "",
          "beforeHooks": [],
          "afterHooks": [],
          "tests": [
            {
              "title": "Será validado que o botão de mudar de realidade existe",
              "fullTitle": "1 - Verifica se foi feito o deploy do frontend no Heroku Será validado que o botão de mudar de realidade existe",
              "timedOut": null,
              "duration": 646,
              "state": "failed",
              "speed": null,
              "pass": false,
              "fail": true,
              "pending": false,
              "context": null,
              "code": "cy.get(\".change-reality\").should(\"exist\");",
              "err": {
                "message": "CypressError: `cy.visit()` failed trying to load:\n\nhttps://victorfelipeoliveirarosa-ft.herokuapp.com/.\n\nThe response we received from your web server was:\n\n  > 404: Not Found\n\nThis was considered a failure because the status code was not `2xx`.\n\nIf you do not want status codes to cause failures pass the option: `failOnStatusCode: false`\n\nBecause this error occurred during a `before each` hook we are skipping the remaining tests in the current suite: `1 - Verifica se foi feito o...`",
                "estack": "CypressError: `cy.visit()` failed trying to load:\n\nhttps://victorfelipeoliveirarosa-ft.herokuapp.com/.\n\nThe response we received from your web server was:\n\n  > 404: Not Found\n\nThis was considered a failure because the status code was not `2xx`.\n\nIf you do not want status codes to cause failures pass the option: `failOnStatusCode: false`\n\nBecause this error occurred during a `before each` hook we are skipping the remaining tests in the current suite: `1 - Verifica se foi feito o...`\n    at http://localhost:36225/__cypress/runner/cypress_runner.js:158062:25\n    at visitFailedByErr (http://localhost:36225/__cypress/runner/cypress_runner.js:157432:12)\n    at http://localhost:36225/__cypress/runner/cypress_runner.js:158042:13\n    at tryCatcher (http://localhost:36225/__cypress/runner/cypress_runner.js:10325:23)\n    at Promise._settlePromiseFromHandler (http://localhost:36225/__cypress/runner/cypress_runner.js:8260:31)\n    at Promise._settlePromise (http://localhost:36225/__cypress/runner/cypress_runner.js:8317:18)\n    at Promise._settlePromise0 (http://localhost:36225/__cypress/runner/cypress_runner.js:8362:10)\n    at Promise._settlePromises (http://localhost:36225/__cypress/runner/cypress_runner.js:8438:18)\n    at _drainQueueStep (http://localhost:36225/__cypress/runner/cypress_runner.js:5032:12)\n    at _drainQueue (http://localhost:36225/__cypress/runner/cypress_runner.js:5025:9)\n    at Async.../../node_modules/bluebird/js/release/async.js.Async._drainQueues (http://localhost:36225/__cypress/runner/cypress_runner.js:5041:5)\n    at Async.drainQueues (http://localhost:36225/__cypress/runner/cypress_runner.js:4911:14)\nFrom Your Spec Code:\n    at Context.eval (http://localhost:36225/__cypress/tests?p=cypress/integration/herokuDeploy.spec.js:106:8)",
                "diff": null
              },
              "uuid": "5216fad2-f2b2-4838-bf3a-6092fb71f940",
              "parentUUID": "52c621f4-e286-4554-91cc-871f3b3f4f7e",
              "isHook": false,
              "skipped": false
            },
            {
              "title": "Será validado que a pesquisa funciona como deveria",
              "fullTitle": "1 - Verifica se foi feito o deploy do frontend no Heroku Será validado que a pesquisa funciona como deveria",
              "timedOut": null,
              "duration": 0,
              "state": "skipped",
              "speed": null,
              "pass": false,
              "fail": false,
              "pending": false,
              "context": null,
              "code": "cy.contains(PESQUISAR).click();\ncy.contains(MARTIN).should(\"exist\");",
              "err": {},
              "uuid": "682d86f9-dcec-44cf-85a3-084c6611bbcc",
              "parentUUID": "52c621f4-e286-4554-91cc-871f3b3f4f7e",
              "isHook": false,
              "skipped": true
            },
            {
              "title": "Será validado que o botão de mudar de realidade funciona.",
              "fullTitle": "1 - Verifica se foi feito o deploy do frontend no Heroku Será validado que o botão de mudar de realidade funciona.",
              "timedOut": null,
              "duration": 0,
              "state": "skipped",
              "speed": null,
              "pass": false,
              "fail": false,
              "pending": false,
              "context": null,
              "code": "cy.contains(\"Mudar de Realidade\").click();\ncy.contains(PESQUISAR).click();\ncy.contains(INVERTED_MARTIN).should(\"exist\");",
              "err": {},
              "uuid": "c1e8d3e1-4f28-4bac-b314-2a4386c7ff7f",
              "parentUUID": "52c621f4-e286-4554-91cc-871f3b3f4f7e",
              "isHook": false,
              "skipped": true
            },
            {
              "title": "Será validado que os botões de próxima página e página anterior funcionam",
              "fullTitle": "1 - Verifica se foi feito o deploy do frontend no Heroku Será validado que os botões de próxima página e página anterior funcionam",
              "timedOut": null,
              "duration": 0,
              "state": "skipped",
              "speed": null,
              "pass": false,
              "fail": false,
              "pending": false,
              "context": null,
              "code": "cy.contains(PESQUISAR).click();\ncy.contains(MARTIN).should(\"exist\");\ncy.contains(\"Próximo\").click();\ncy.contains(\"2\").should(\"exist\");\ncy.contains(Claudia).should(\"exist\");\ncy.contains(\"Anterior\").click();\ncy.contains(\"1\").should(\"exist\");\ncy.contains(MARTIN).should(\"exist\");",
              "err": {},
              "uuid": "72ce2675-afb1-4575-a06d-650e8ce16b68",
              "parentUUID": "52c621f4-e286-4554-91cc-871f3b3f4f7e",
              "isHook": false,
              "skipped": true
            }
          ],
          "suites": [],
          "passes": [],
          "failures": [
            "5216fad2-f2b2-4838-bf3a-6092fb71f940"
          ],
          "pending": [],
          "skipped": [
            "682d86f9-dcec-44cf-85a3-084c6611bbcc",
            "c1e8d3e1-4f28-4bac-b314-2a4386c7ff7f",
            "72ce2675-afb1-4575-a06d-650e8ce16b68"
          ],
          "duration": 646,
          "root": false,
          "rootEmpty": false,
          "_timeout": 2000
        }
      ],
      "passes": [],
      "failures": [],
      "pending": [],
      "skipped": [],
      "duration": 0,
      "root": true,
      "rootEmpty": true,
      "_timeout": 2000
    }
  ],
  "meta": {
    "mocha": {
      "version": "7.0.1"
    },
    "mochawesome": {
      "options": {
        "quiet": false,
        "reportFilename": "mochawesome",
        "saveHtml": false,
        "saveJson": true,
        "consoleReporter": "spec",
        "useInlineDiffs": false
      },
      "version": "4.1.0"
    },
    "marge": {
      "options": {
        "id": "default",
        "reportDir": "cypress/reports",
        "overwrite": false,
        "html": false,
        "json": true
      },
      "version": "4.1.0"
    }
  }
}